2022-06-23 17:55:19,926 [main] INFO  c.c.p.PostProcessingApplication                    - Starting PostProcessingApplication using Java 1.8.0_131 on HTCLT2438 with PID 16644 (C:\Users\kumar.charanswain\Downloads\today-test-old-code\postprocessing-tomcat-version-main\postprocessing-tomcat-version-main\target\classes started by kumar.charanswain in C:\Users\kumar.charanswain\Downloads\today-test-old-code\postprocessing-tomcat-version-main\postprocessing-tomcat-version-main)
2022-06-23 17:55:19,933 [main] INFO  c.c.p.PostProcessingApplication                    - No active profile set, falling back to 1 default profile: "default"
2022-06-23 17:55:20,697 [main] INFO  o.s.cloud.context.scope.GenericScope               - BeanFactory id=4b5fb449-1571-3261-a0e4-8a74cfbc6521
2022-06-23 17:55:20,716 [main] INFO  c.u.j.c.EnableEncryptablePropertiesBeanFactoryPostProcessor - Post-processing PropertySource instances
2022-06-23 17:55:20,790 [main] INFO  c.u.j.EncryptablePropertySourceConverter           - Converting PropertySource configurationProperties [org.springframework.boot.context.properties.source.ConfigurationPropertySourcesPropertySource] to AOP Proxy
2022-06-23 17:55:20,791 [main] INFO  c.u.j.EncryptablePropertySourceConverter           - Converting PropertySource servletConfigInitParams [org.springframework.core.env.PropertySource$StubPropertySource] to EncryptablePropertySourceWrapper
2022-06-23 17:55:20,792 [main] INFO  c.u.j.EncryptablePropertySourceConverter           - Converting PropertySource servletContextInitParams [org.springframework.core.env.PropertySource$StubPropertySource] to EncryptablePropertySourceWrapper
2022-06-23 17:55:20,792 [main] INFO  c.u.j.EncryptablePropertySourceConverter           - Converting PropertySource systemProperties [org.springframework.core.env.PropertiesPropertySource] to EncryptableMapPropertySourceWrapper
2022-06-23 17:55:20,792 [main] INFO  c.u.j.EncryptablePropertySourceConverter           - Converting PropertySource systemEnvironment [org.springframework.boot.env.SystemEnvironmentPropertySourceEnvironmentPostProcessor$OriginAwareSystemEnvironmentPropertySource] to EncryptableSystemEnvironmentPropertySourceWrapper
2022-06-23 17:55:20,792 [main] INFO  c.u.j.EncryptablePropertySourceConverter           - Converting PropertySource random [org.springframework.boot.env.RandomValuePropertySource] to EncryptablePropertySourceWrapper
2022-06-23 17:55:20,792 [main] INFO  c.u.j.EncryptablePropertySourceConverter           - Converting PropertySource cachedrandom [org.springframework.cloud.util.random.CachedRandomPropertySource] to EncryptablePropertySourceWrapper
2022-06-23 17:55:20,792 [main] INFO  c.u.j.EncryptablePropertySourceConverter           - Converting PropertySource springCloudClientHostInfo [org.springframework.core.env.MapPropertySource] to EncryptableMapPropertySourceWrapper
2022-06-23 17:55:20,792 [main] INFO  c.u.j.EncryptablePropertySourceConverter           - Converting PropertySource Config resource 'file [application.properties]' via location 'application.properties' [org.springframework.boot.env.OriginTrackedMapPropertySource] to EncryptableMapPropertySourceWrapper
2022-06-23 17:55:20,792 [main] INFO  c.u.j.EncryptablePropertySourceConverter           - Converting PropertySource defaultProperties [org.springframework.boot.DefaultPropertiesPropertySource] to EncryptableMapPropertySourceWrapper
2022-06-23 17:55:20,932 [main] INFO  c.u.j.filter.DefaultLazyPropertyFilter             - Property Filter custom Bean not found with name 'encryptablePropertyFilter'. Initializing Default Property Filter
2022-06-23 17:55:21,224 [main] INFO  o.s.b.w.embedded.tomcat.TomcatWebServer            - Tomcat initialized with port(s): 8080 (http)
2022-06-23 17:55:21,245 [main] INFO  o.apache.coyote.http11.Http11NioProtocol           - Initializing ProtocolHandler ["http-nio-8080"]
2022-06-23 17:55:21,246 [main] INFO  org.apache.catalina.core.StandardService           - Starting service [Tomcat]
2022-06-23 17:55:21,246 [main] INFO  org.apache.catalina.core.StandardEngine            - Starting Servlet engine: [Apache Tomcat/9.0.58]
2022-06-23 17:55:21,485 [main] INFO  o.a.c.c.C.[Tomcat].[localhost].[/]                 - Initializing Spring embedded WebApplicationContext
2022-06-23 17:55:21,486 [main] INFO  o.s.b.w.s.c.ServletWebServerApplicationContext     - Root WebApplicationContext: initialization completed in 1476 ms
2022-06-23 17:55:21,598 [main] INFO  c.u.j.r.DefaultLazyPropertyResolver                - Property Resolver custom Bean not found with name 'encryptablePropertyResolver'. Initializing Default Property Resolver
2022-06-23 17:55:21,604 [main] INFO  c.u.j.d.DefaultLazyPropertyDetector                - Property Detector custom Bean not found with name 'encryptablePropertyDetector'. Initializing Default Property Detector
2022-06-23 17:55:21,663 [main] INFO  c.u.j.encryptor.DefaultLazyEncryptor               - String Encryptor custom Bean not found with name 'jasyptStringEncryptor'. Initializing Default String Encryptor
2022-06-23 17:55:21,672 [main] INFO  c.u.j.encryptor.DefaultLazyEncryptor               - Encryptor config not found for property jasypt.encryptor.key-obtention-iterations, using default value: 1000
2022-06-23 17:55:21,673 [main] INFO  c.u.j.encryptor.DefaultLazyEncryptor               - Encryptor config not found for property jasypt.encryptor.pool-size, using default value: 1
2022-06-23 17:55:21,673 [main] INFO  c.u.j.encryptor.DefaultLazyEncryptor               - Encryptor config not found for property jasypt.encryptor.provider-name, using default value: null
2022-06-23 17:55:21,674 [main] INFO  c.u.j.encryptor.DefaultLazyEncryptor               - Encryptor config not found for property jasypt.encryptor.provider-class-name, using default value: null
2022-06-23 17:55:21,674 [main] INFO  c.u.j.encryptor.DefaultLazyEncryptor               - Encryptor config not found for property jasypt.encryptor.salt-generator-classname, using default value: org.jasypt.salt.RandomSaltGenerator
2022-06-23 17:55:21,676 [main] INFO  c.u.j.encryptor.DefaultLazyEncryptor               - Encryptor config not found for property jasypt.encryptor.string-output-type, using default value: base64
2022-06-23 17:55:22,808 [main] INFO  o.apache.coyote.http11.Http11NioProtocol           - Starting ProtocolHandler ["http-nio-8080"]
2022-06-23 17:55:22,837 [main] INFO  o.s.b.w.embedded.tomcat.TomcatWebServer            - Tomcat started on port(s): 8080 (http) with context path ''
2022-06-23 17:55:23,225 [main] INFO  c.c.p.PostProcessingApplication                    - Started PostProcessingApplication in 4.145 seconds (JVM running for 7.074)
2022-06-23 17:56:00,010 [scheduling-1] INFO  c.c.p.scheduler.PostProcessingScheduler            - connectionNameKey:DefaultEndpointsProtocol=https;AccountName=pmapostprcoessing1;AccountKey=9Zm5YCVe3gGI+gQ1k0COxg/b6XVjppTujCa1XCZbTG4pFSKTBC54uGZbBJmKs6t+n4rzJ3MJMgGCTu09NNGjKg==
2022-06-23 17:56:00,012 [scheduling-1] INFO  c.c.p.scheduler.PostProcessingScheduler            - CloudStorageAccount:DefaultEndpointsProtocol=https;AccountName=pmapostprcoessing1;AccountKey=[key hidden]
2022-06-23 17:56:00,013 [scheduling-1] INFO  c.c.p.scheduler.PostProcessingScheduler            - CloudBlobClient:com.microsoft.azure.storage.blob.CloudBlobClient@5883dbe0
2022-06-23 17:56:00,013 [scheduling-1] INFO  c.c.p.scheduler.PostProcessingScheduler            - container:com.microsoft.azure.storage.blob.CloudBlobContainer@56442e80
2022-06-23 17:56:38,908 [main] INFO  c.c.p.PostProcessingApplication                    - Starting PostProcessingApplication using Java 1.8.0_131 on HTCLT2438 with PID 7048 (C:\Users\kumar.charanswain\Downloads\today-test-old-code\postprocessing-tomcat-version-main\postprocessing-tomcat-version-main\target\classes started by kumar.charanswain in C:\Users\kumar.charanswain\Downloads\today-test-old-code\postprocessing-tomcat-version-main\postprocessing-tomcat-version-main)
2022-06-23 17:56:38,913 [main] INFO  c.c.p.PostProcessingApplication                    - No active profile set, falling back to 1 default profile: "default"
2022-06-23 17:56:39,651 [main] INFO  o.s.cloud.context.scope.GenericScope               - BeanFactory id=4b5fb449-1571-3261-a0e4-8a74cfbc6521
2022-06-23 17:56:39,671 [main] INFO  c.u.j.c.EnableEncryptablePropertiesBeanFactoryPostProcessor - Post-processing PropertySource instances
2022-06-23 17:56:39,741 [main] INFO  c.u.j.EncryptablePropertySourceConverter           - Converting PropertySource configurationProperties [org.springframework.boot.context.properties.source.ConfigurationPropertySourcesPropertySource] to AOP Proxy
2022-06-23 17:56:39,743 [main] INFO  c.u.j.EncryptablePropertySourceConverter           - Converting PropertySource servletConfigInitParams [org.springframework.core.env.PropertySource$StubPropertySource] to EncryptablePropertySourceWrapper
2022-06-23 17:56:39,743 [main] INFO  c.u.j.EncryptablePropertySourceConverter           - Converting PropertySource servletContextInitParams [org.springframework.core.env.PropertySource$StubPropertySource] to EncryptablePropertySourceWrapper
2022-06-23 17:56:39,743 [main] INFO  c.u.j.EncryptablePropertySourceConverter           - Converting PropertySource systemProperties [org.springframework.core.env.PropertiesPropertySource] to EncryptableMapPropertySourceWrapper
2022-06-23 17:56:39,743 [main] INFO  c.u.j.EncryptablePropertySourceConverter           - Converting PropertySource systemEnvironment [org.springframework.boot.env.SystemEnvironmentPropertySourceEnvironmentPostProcessor$OriginAwareSystemEnvironmentPropertySource] to EncryptableSystemEnvironmentPropertySourceWrapper
2022-06-23 17:56:39,744 [main] INFO  c.u.j.EncryptablePropertySourceConverter           - Converting PropertySource random [org.springframework.boot.env.RandomValuePropertySource] to EncryptablePropertySourceWrapper
2022-06-23 17:56:39,744 [main] INFO  c.u.j.EncryptablePropertySourceConverter           - Converting PropertySource cachedrandom [org.springframework.cloud.util.random.CachedRandomPropertySource] to EncryptablePropertySourceWrapper
2022-06-23 17:56:39,744 [main] INFO  c.u.j.EncryptablePropertySourceConverter           - Converting PropertySource springCloudClientHostInfo [org.springframework.core.env.MapPropertySource] to EncryptableMapPropertySourceWrapper
2022-06-23 17:56:39,744 [main] INFO  c.u.j.EncryptablePropertySourceConverter           - Converting PropertySource Config resource 'file [application.properties]' via location 'application.properties' [org.springframework.boot.env.OriginTrackedMapPropertySource] to EncryptableMapPropertySourceWrapper
2022-06-23 17:56:39,744 [main] INFO  c.u.j.EncryptablePropertySourceConverter           - Converting PropertySource defaultProperties [org.springframework.boot.DefaultPropertiesPropertySource] to EncryptableMapPropertySourceWrapper
2022-06-23 17:56:39,895 [main] INFO  c.u.j.filter.DefaultLazyPropertyFilter             - Property Filter custom Bean not found with name 'encryptablePropertyFilter'. Initializing Default Property Filter
2022-06-23 17:56:40,197 [main] INFO  o.s.b.w.embedded.tomcat.TomcatWebServer            - Tomcat initialized with port(s): 8080 (http)
2022-06-23 17:56:40,217 [main] INFO  o.apache.coyote.http11.Http11NioProtocol           - Initializing ProtocolHandler ["http-nio-8080"]
2022-06-23 17:56:40,218 [main] INFO  org.apache.catalina.core.StandardService           - Starting service [Tomcat]
2022-06-23 17:56:40,218 [main] INFO  org.apache.catalina.core.StandardEngine            - Starting Servlet engine: [Apache Tomcat/9.0.58]
2022-06-23 17:56:40,488 [main] INFO  o.a.c.c.C.[Tomcat].[localhost].[/]                 - Initializing Spring embedded WebApplicationContext
2022-06-23 17:56:40,488 [main] INFO  o.s.b.w.s.c.ServletWebServerApplicationContext     - Root WebApplicationContext: initialization completed in 1501 ms
2022-06-23 17:56:40,565 [main] INFO  c.u.j.r.DefaultLazyPropertyResolver                - Property Resolver custom Bean not found with name 'encryptablePropertyResolver'. Initializing Default Property Resolver
2022-06-23 17:56:40,569 [main] INFO  c.u.j.d.DefaultLazyPropertyDetector                - Property Detector custom Bean not found with name 'encryptablePropertyDetector'. Initializing Default Property Detector
2022-06-23 17:56:40,623 [main] INFO  c.u.j.encryptor.DefaultLazyEncryptor               - String Encryptor custom Bean not found with name 'jasyptStringEncryptor'. Initializing Default String Encryptor
2022-06-23 17:56:40,633 [main] INFO  c.u.j.encryptor.DefaultLazyEncryptor               - Encryptor config not found for property jasypt.encryptor.key-obtention-iterations, using default value: 1000
2022-06-23 17:56:40,633 [main] INFO  c.u.j.encryptor.DefaultLazyEncryptor               - Encryptor config not found for property jasypt.encryptor.pool-size, using default value: 1
2022-06-23 17:56:40,634 [main] INFO  c.u.j.encryptor.DefaultLazyEncryptor               - Encryptor config not found for property jasypt.encryptor.provider-name, using default value: null
2022-06-23 17:56:40,634 [main] INFO  c.u.j.encryptor.DefaultLazyEncryptor               - Encryptor config not found for property jasypt.encryptor.provider-class-name, using default value: null
2022-06-23 17:56:40,634 [main] INFO  c.u.j.encryptor.DefaultLazyEncryptor               - Encryptor config not found for property jasypt.encryptor.salt-generator-classname, using default value: org.jasypt.salt.RandomSaltGenerator
2022-06-23 17:56:40,636 [main] INFO  c.u.j.encryptor.DefaultLazyEncryptor               - Encryptor config not found for property jasypt.encryptor.string-output-type, using default value: base64
2022-06-23 17:56:41,723 [main] INFO  o.apache.coyote.http11.Http11NioProtocol           - Starting ProtocolHandler ["http-nio-8080"]
2022-06-23 17:56:41,752 [main] INFO  o.s.b.w.embedded.tomcat.TomcatWebServer            - Tomcat started on port(s): 8080 (http) with context path ''
2022-06-23 17:56:42,089 [main] INFO  c.c.p.PostProcessingApplication                    - Started PostProcessingApplication in 4.027 seconds (JVM running for 7.623)
2022-06-23 17:57:00,012 [scheduling-1] INFO  c.c.p.scheduler.PostProcessingScheduler            - connectionNameKey:DefaultEndpointsProtocol=https;AccountName=pmapostprcoessing1;AccountKey=9Zm5YCVe3gGI+gQ1k0COxg/b6XVjppTujCa1XCZbTG4pFSKTBC54uGZbBJmKs6t+n4rzJ3MJMgGCTu09NNGjKg==
2022-06-23 17:57:00,028 [scheduling-1] INFO  c.c.p.scheduler.PostProcessingScheduler            - CloudStorageAccount:DefaultEndpointsProtocol=https;AccountName=pmapostprcoessing1;AccountKey=[key hidden]
2022-06-23 17:57:00,028 [scheduling-1] INFO  c.c.p.scheduler.PostProcessingScheduler            - CloudBlobClient:com.microsoft.azure.storage.blob.CloudBlobClient@2501d67a
2022-06-23 17:57:00,029 [scheduling-1] INFO  c.c.p.scheduler.PostProcessingScheduler            - container:com.microsoft.azure.storage.blob.CloudBlobContainer@2bc62caa
2022-06-23 18:02:32,653 [main] INFO  c.c.p.PostProcessingApplication                    - Starting PostProcessingApplication using Java 1.8.0_131 on HTCLT2438 with PID 8820 (C:\Users\kumar.charanswain\Downloads\today-test-old-code\postprocessing-tomcat-version-main\postprocessing-tomcat-version-main\target\classes started by kumar.charanswain in C:\Users\kumar.charanswain\Downloads\today-test-old-code\postprocessing-tomcat-version-main\postprocessing-tomcat-version-main)
2022-06-23 18:02:32,659 [main] INFO  c.c.p.PostProcessingApplication                    - No active profile set, falling back to 1 default profile: "default"
2022-06-23 18:02:33,434 [main] INFO  o.s.cloud.context.scope.GenericScope               - BeanFactory id=4b5fb449-1571-3261-a0e4-8a74cfbc6521
2022-06-23 18:02:33,454 [main] INFO  c.u.j.c.EnableEncryptablePropertiesBeanFactoryPostProcessor - Post-processing PropertySource instances
2022-06-23 18:02:33,531 [main] INFO  c.u.j.EncryptablePropertySourceConverter           - Converting PropertySource configurationProperties [org.springframework.boot.context.properties.source.ConfigurationPropertySourcesPropertySource] to AOP Proxy
2022-06-23 18:02:33,533 [main] INFO  c.u.j.EncryptablePropertySourceConverter           - Converting PropertySource servletConfigInitParams [org.springframework.core.env.PropertySource$StubPropertySource] to EncryptablePropertySourceWrapper
2022-06-23 18:02:33,533 [main] INFO  c.u.j.EncryptablePropertySourceConverter           - Converting PropertySource servletContextInitParams [org.springframework.core.env.PropertySource$StubPropertySource] to EncryptablePropertySourceWrapper
2022-06-23 18:02:33,534 [main] INFO  c.u.j.EncryptablePropertySourceConverter           - Converting PropertySource systemProperties [org.springframework.core.env.PropertiesPropertySource] to EncryptableMapPropertySourceWrapper
2022-06-23 18:02:33,534 [main] INFO  c.u.j.EncryptablePropertySourceConverter           - Converting PropertySource systemEnvironment [org.springframework.boot.env.SystemEnvironmentPropertySourceEnvironmentPostProcessor$OriginAwareSystemEnvironmentPropertySource] to EncryptableSystemEnvironmentPropertySourceWrapper
2022-06-23 18:02:33,534 [main] INFO  c.u.j.EncryptablePropertySourceConverter           - Converting PropertySource random [org.springframework.boot.env.RandomValuePropertySource] to EncryptablePropertySourceWrapper
2022-06-23 18:02:33,534 [main] INFO  c.u.j.EncryptablePropertySourceConverter           - Converting PropertySource cachedrandom [org.springframework.cloud.util.random.CachedRandomPropertySource] to EncryptablePropertySourceWrapper
2022-06-23 18:02:33,534 [main] INFO  c.u.j.EncryptablePropertySourceConverter           - Converting PropertySource springCloudClientHostInfo [org.springframework.core.env.MapPropertySource] to EncryptableMapPropertySourceWrapper
2022-06-23 18:02:33,534 [main] INFO  c.u.j.EncryptablePropertySourceConverter           - Converting PropertySource Config resource 'file [application.properties]' via location 'application.properties' [org.springframework.boot.env.OriginTrackedMapPropertySource] to EncryptableMapPropertySourceWrapper
2022-06-23 18:02:33,534 [main] INFO  c.u.j.EncryptablePropertySourceConverter           - Converting PropertySource defaultProperties [org.springframework.boot.DefaultPropertiesPropertySource] to EncryptableMapPropertySourceWrapper
2022-06-23 18:02:33,681 [main] INFO  c.u.j.filter.DefaultLazyPropertyFilter             - Property Filter custom Bean not found with name 'encryptablePropertyFilter'. Initializing Default Property Filter
2022-06-23 18:02:33,998 [main] INFO  o.s.b.w.embedded.tomcat.TomcatWebServer            - Tomcat initialized with port(s): 8080 (http)
2022-06-23 18:02:34,009 [main] INFO  o.apache.coyote.http11.Http11NioProtocol           - Initializing ProtocolHandler ["http-nio-8080"]
2022-06-23 18:02:34,009 [main] INFO  org.apache.catalina.core.StandardService           - Starting service [Tomcat]
2022-06-23 18:02:34,010 [main] INFO  org.apache.catalina.core.StandardEngine            - Starting Servlet engine: [Apache Tomcat/9.0.58]
2022-06-23 18:02:34,281 [main] INFO  o.a.c.c.C.[Tomcat].[localhost].[/]                 - Initializing Spring embedded WebApplicationContext
2022-06-23 18:02:34,281 [main] INFO  o.s.b.w.s.c.ServletWebServerApplicationContext     - Root WebApplicationContext: initialization completed in 1553 ms
2022-06-23 18:02:34,364 [main] INFO  c.u.j.r.DefaultLazyPropertyResolver                - Property Resolver custom Bean not found with name 'encryptablePropertyResolver'. Initializing Default Property Resolver
2022-06-23 18:02:34,369 [main] INFO  c.u.j.d.DefaultLazyPropertyDetector                - Property Detector custom Bean not found with name 'encryptablePropertyDetector'. Initializing Default Property Detector
2022-06-23 18:02:34,421 [main] INFO  c.u.j.encryptor.DefaultLazyEncryptor               - String Encryptor custom Bean not found with name 'jasyptStringEncryptor'. Initializing Default String Encryptor
2022-06-23 18:02:34,440 [main] INFO  c.u.j.encryptor.DefaultLazyEncryptor               - Encryptor config not found for property jasypt.encryptor.key-obtention-iterations, using default value: 1000
2022-06-23 18:02:34,441 [main] INFO  c.u.j.encryptor.DefaultLazyEncryptor               - Encryptor config not found for property jasypt.encryptor.pool-size, using default value: 1
2022-06-23 18:02:34,441 [main] INFO  c.u.j.encryptor.DefaultLazyEncryptor               - Encryptor config not found for property jasypt.encryptor.provider-name, using default value: null
2022-06-23 18:02:34,442 [main] INFO  c.u.j.encryptor.DefaultLazyEncryptor               - Encryptor config not found for property jasypt.encryptor.provider-class-name, using default value: null
2022-06-23 18:02:34,442 [main] INFO  c.u.j.encryptor.DefaultLazyEncryptor               - Encryptor config not found for property jasypt.encryptor.salt-generator-classname, using default value: org.jasypt.salt.RandomSaltGenerator
2022-06-23 18:02:34,445 [main] INFO  c.u.j.encryptor.DefaultLazyEncryptor               - Encryptor config not found for property jasypt.encryptor.string-output-type, using default value: base64
2022-06-23 18:02:35,551 [main] INFO  o.apache.coyote.http11.Http11NioProtocol           - Starting ProtocolHandler ["http-nio-8080"]
2022-06-23 18:02:35,578 [main] INFO  o.s.b.w.embedded.tomcat.TomcatWebServer            - Tomcat started on port(s): 8080 (http) with context path ''
2022-06-23 18:02:35,902 [main] INFO  c.c.p.PostProcessingApplication                    - Started PostProcessingApplication in 4.084 seconds (JVM running for 7.153)
2022-06-23 18:03:00,005 [scheduling-1] INFO  c.c.p.scheduler.PostProcessingScheduler            - connectionNameKey:DefaultEndpointsProtocol=https;AccountName=pmapostprcoessing1;AccountKey=LR+HG362j6Iym94zQyPydi5+PpqNgRmRtwRC8B2XnXfhk7ggA9a7R1FN0vIcrInFssQN3OAhEpDC+AStu3b5mQ==
2022-06-23 18:03:00,008 [scheduling-1] INFO  c.c.p.scheduler.PostProcessingScheduler            - CloudStorageAccount:DefaultEndpointsProtocol=https;AccountName=pmapostprcoessing1;AccountKey=[key hidden]
2022-06-23 18:03:00,009 [scheduling-1] INFO  c.c.p.scheduler.PostProcessingScheduler            - CloudBlobClient:com.microsoft.azure.storage.blob.CloudBlobClient@4ba6b402
2022-06-23 18:03:00,009 [scheduling-1] INFO  c.c.p.scheduler.PostProcessingScheduler            - container:com.microsoft.azure.storage.blob.CloudBlobContainer@45615306
2022-06-23 18:16:35,210 [main] INFO  c.c.p.PostProcessingApplication                    - Starting PostProcessingApplication using Java 1.8.0_131 on HTCLT2438 with PID 21576 (C:\Users\kumar.charanswain\Downloads\today-test-old-code\postprocessing-tomcat-version-main\postprocessing-tomcat-version-main\target\classes started by kumar.charanswain in C:\Users\kumar.charanswain\Downloads\today-test-old-code\postprocessing-tomcat-version-main\postprocessing-tomcat-version-main)
2022-06-23 18:16:35,215 [main] INFO  c.c.p.PostProcessingApplication                    - No active profile set, falling back to 1 default profile: "default"
2022-06-23 18:16:36,099 [main] INFO  o.s.cloud.context.scope.GenericScope               - BeanFactory id=4b5fb449-1571-3261-a0e4-8a74cfbc6521
2022-06-23 18:16:36,116 [main] INFO  c.u.j.c.EnableEncryptablePropertiesBeanFactoryPostProcessor - Post-processing PropertySource instances
2022-06-23 18:16:36,204 [main] INFO  c.u.j.EncryptablePropertySourceConverter           - Converting PropertySource configurationProperties [org.springframework.boot.context.properties.source.ConfigurationPropertySourcesPropertySource] to AOP Proxy
2022-06-23 18:16:36,208 [main] INFO  c.u.j.EncryptablePropertySourceConverter           - Converting PropertySource servletConfigInitParams [org.springframework.core.env.PropertySource$StubPropertySource] to EncryptablePropertySourceWrapper
2022-06-23 18:16:36,209 [main] INFO  c.u.j.EncryptablePropertySourceConverter           - Converting PropertySource servletContextInitParams [org.springframework.core.env.PropertySource$StubPropertySource] to EncryptablePropertySourceWrapper
2022-06-23 18:16:36,209 [main] INFO  c.u.j.EncryptablePropertySourceConverter           - Converting PropertySource systemProperties [org.springframework.core.env.PropertiesPropertySource] to EncryptableMapPropertySourceWrapper
2022-06-23 18:16:36,210 [main] INFO  c.u.j.EncryptablePropertySourceConverter           - Converting PropertySource systemEnvironment [org.springframework.boot.env.SystemEnvironmentPropertySourceEnvironmentPostProcessor$OriginAwareSystemEnvironmentPropertySource] to EncryptableSystemEnvironmentPropertySourceWrapper
2022-06-23 18:16:36,210 [main] INFO  c.u.j.EncryptablePropertySourceConverter           - Converting PropertySource random [org.springframework.boot.env.RandomValuePropertySource] to EncryptablePropertySourceWrapper
2022-06-23 18:16:36,210 [main] INFO  c.u.j.EncryptablePropertySourceConverter           - Converting PropertySource cachedrandom [org.springframework.cloud.util.random.CachedRandomPropertySource] to EncryptablePropertySourceWrapper
2022-06-23 18:16:36,210 [main] INFO  c.u.j.EncryptablePropertySourceConverter           - Converting PropertySource springCloudClientHostInfo [org.springframework.core.env.MapPropertySource] to EncryptableMapPropertySourceWrapper
2022-06-23 18:16:36,210 [main] INFO  c.u.j.EncryptablePropertySourceConverter           - Converting PropertySource Config resource 'file [application.properties]' via location 'optional:file:./' [org.springframework.boot.env.OriginTrackedMapPropertySource] to EncryptableMapPropertySourceWrapper
2022-06-23 18:16:36,396 [main] INFO  c.u.j.filter.DefaultLazyPropertyFilter             - Property Filter custom Bean not found with name 'encryptablePropertyFilter'. Initializing Default Property Filter
2022-06-23 18:16:36,830 [main] INFO  o.s.b.w.embedded.tomcat.TomcatWebServer            - Tomcat initialized with port(s): 8080 (http)
2022-06-23 18:16:36,844 [main] INFO  o.apache.coyote.http11.Http11NioProtocol           - Initializing ProtocolHandler ["http-nio-8080"]
2022-06-23 18:16:36,845 [main] INFO  org.apache.catalina.core.StandardService           - Starting service [Tomcat]
2022-06-23 18:16:36,845 [main] INFO  org.apache.catalina.core.StandardEngine            - Starting Servlet engine: [Apache Tomcat/9.0.58]
2022-06-23 18:16:37,088 [main] INFO  o.a.c.c.C.[Tomcat].[localhost].[/]                 - Initializing Spring embedded WebApplicationContext
2022-06-23 18:16:37,088 [main] INFO  o.s.b.w.s.c.ServletWebServerApplicationContext     - Root WebApplicationContext: initialization completed in 1818 ms
2022-06-23 18:16:37,228 [main] INFO  c.u.j.r.DefaultLazyPropertyResolver                - Property Resolver custom Bean not found with name 'encryptablePropertyResolver'. Initializing Default Property Resolver
2022-06-23 18:16:37,234 [main] INFO  c.u.j.d.DefaultLazyPropertyDetector                - Property Detector custom Bean not found with name 'encryptablePropertyDetector'. Initializing Default Property Detector
2022-06-23 18:16:37,294 [main] INFO  c.u.j.encryptor.DefaultLazyEncryptor               - String Encryptor custom Bean not found with name 'jasyptStringEncryptor'. Initializing Default String Encryptor
2022-06-23 18:16:37,312 [main] INFO  c.u.j.encryptor.DefaultLazyEncryptor               - Encryptor config not found for property jasypt.encryptor.key-obtention-iterations, using default value: 1000
2022-06-23 18:16:37,313 [main] INFO  c.u.j.encryptor.DefaultLazyEncryptor               - Encryptor config not found for property jasypt.encryptor.pool-size, using default value: 1
2022-06-23 18:16:37,313 [main] INFO  c.u.j.encryptor.DefaultLazyEncryptor               - Encryptor config not found for property jasypt.encryptor.provider-name, using default value: null
2022-06-23 18:16:37,313 [main] INFO  c.u.j.encryptor.DefaultLazyEncryptor               - Encryptor config not found for property jasypt.encryptor.provider-class-name, using default value: null
2022-06-23 18:16:37,313 [main] INFO  c.u.j.encryptor.DefaultLazyEncryptor               - Encryptor config not found for property jasypt.encryptor.salt-generator-classname, using default value: org.jasypt.salt.RandomSaltGenerator
2022-06-23 18:16:37,314 [main] INFO  c.u.j.encryptor.DefaultLazyEncryptor               - Encryptor config not found for property jasypt.encryptor.string-output-type, using default value: base64
2022-06-23 18:16:38,701 [main] INFO  o.apache.coyote.http11.Http11NioProtocol           - Starting ProtocolHandler ["http-nio-8080"]
2022-06-23 18:16:38,740 [main] INFO  o.s.b.w.embedded.tomcat.TomcatWebServer            - Tomcat started on port(s): 8080 (http) with context path ''
2022-06-23 18:16:39,114 [main] INFO  c.c.p.PostProcessingApplication                    - Started PostProcessingApplication in 4.794 seconds (JVM running for 5.708)
2022-06-23 18:17:00,015 [scheduling-1] INFO  c.c.p.scheduler.PostProcessingScheduler            - connectionNameKey:DefaultEndpointsProtocol=https;AccountName=pmapostprcoessing1;AccountKey=LR+HG362j6Iym94zQyPydi5+PpqNgRmRtwRC8B2XnXfhk7ggA9a7R1FN0vIcrInFssQN3OAhEpDC+AStu3b5mQ==
2022-06-23 18:17:00,033 [scheduling-1] INFO  c.c.p.scheduler.PostProcessingScheduler            - CloudStorageAccount:DefaultEndpointsProtocol=https;AccountName=pmapostprcoessing1;AccountKey=[key hidden]
2022-06-23 18:17:00,041 [scheduling-1] INFO  c.c.p.scheduler.PostProcessingScheduler            - CloudBlobClient:com.microsoft.azure.storage.blob.CloudBlobClient@3729d7cf
2022-06-23 18:17:00,050 [scheduling-1] INFO  c.c.p.scheduler.PostProcessingScheduler            - container:com.microsoft.azure.storage.blob.CloudBlobContainer@285a3e15
2022-06-23 18:18:46,601 [main] INFO  c.c.p.PostProcessingApplication                    - Starting PostProcessingApplication using Java 1.8.0_131 on HTCLT2438 with PID 15404 (C:\Users\kumar.charanswain\Downloads\today-test-old-code\postprocessing-tomcat-version-main\postprocessing-tomcat-version-main\target\classes started by kumar.charanswain in C:\Users\kumar.charanswain\Downloads\today-test-old-code\postprocessing-tomcat-version-main\postprocessing-tomcat-version-main)
2022-06-23 18:18:46,605 [main] INFO  c.c.p.PostProcessingApplication                    - No active profile set, falling back to 1 default profile: "default"
2022-06-23 18:18:47,383 [main] INFO  o.s.cloud.context.scope.GenericScope               - BeanFactory id=4b5fb449-1571-3261-a0e4-8a74cfbc6521
2022-06-23 18:18:47,397 [main] INFO  c.u.j.c.EnableEncryptablePropertiesBeanFactoryPostProcessor - Post-processing PropertySource instances
2022-06-23 18:18:47,459 [main] INFO  c.u.j.EncryptablePropertySourceConverter           - Converting PropertySource configurationProperties [org.springframework.boot.context.properties.source.ConfigurationPropertySourcesPropertySource] to AOP Proxy
2022-06-23 18:18:47,461 [main] INFO  c.u.j.EncryptablePropertySourceConverter           - Converting PropertySource servletConfigInitParams [org.springframework.core.env.PropertySource$StubPropertySource] to EncryptablePropertySourceWrapper
2022-06-23 18:18:47,461 [main] INFO  c.u.j.EncryptablePropertySourceConverter           - Converting PropertySource servletContextInitParams [org.springframework.core.env.PropertySource$StubPropertySource] to EncryptablePropertySourceWrapper
2022-06-23 18:18:47,462 [main] INFO  c.u.j.EncryptablePropertySourceConverter           - Converting PropertySource systemProperties [org.springframework.core.env.PropertiesPropertySource] to EncryptableMapPropertySourceWrapper
2022-06-23 18:18:47,462 [main] INFO  c.u.j.EncryptablePropertySourceConverter           - Converting PropertySource systemEnvironment [org.springframework.boot.env.SystemEnvironmentPropertySourceEnvironmentPostProcessor$OriginAwareSystemEnvironmentPropertySource] to EncryptableSystemEnvironmentPropertySourceWrapper
2022-06-23 18:18:47,462 [main] INFO  c.u.j.EncryptablePropertySourceConverter           - Converting PropertySource random [org.springframework.boot.env.RandomValuePropertySource] to EncryptablePropertySourceWrapper
2022-06-23 18:18:47,462 [main] INFO  c.u.j.EncryptablePropertySourceConverter           - Converting PropertySource cachedrandom [org.springframework.cloud.util.random.CachedRandomPropertySource] to EncryptablePropertySourceWrapper
2022-06-23 18:18:47,462 [main] INFO  c.u.j.EncryptablePropertySourceConverter           - Converting PropertySource springCloudClientHostInfo [org.springframework.core.env.MapPropertySource] to EncryptableMapPropertySourceWrapper
2022-06-23 18:18:47,462 [main] INFO  c.u.j.EncryptablePropertySourceConverter           - Converting PropertySource Config resource 'file [application.properties]' via location 'optional:file:./' [org.springframework.boot.env.OriginTrackedMapPropertySource] to EncryptableMapPropertySourceWrapper
2022-06-23 18:18:47,594 [main] INFO  c.u.j.filter.DefaultLazyPropertyFilter             - Property Filter custom Bean not found with name 'encryptablePropertyFilter'. Initializing Default Property Filter
2022-06-23 18:18:47,991 [main] INFO  o.s.b.w.embedded.tomcat.TomcatWebServer            - Tomcat initialized with port(s): 8080 (http)
2022-06-23 18:18:48,003 [main] INFO  o.apache.coyote.http11.Http11NioProtocol           - Initializing ProtocolHandler ["http-nio-8080"]
2022-06-23 18:18:48,004 [main] INFO  org.apache.catalina.core.StandardService           - Starting service [Tomcat]
2022-06-23 18:18:48,004 [main] INFO  org.apache.catalina.core.StandardEngine            - Starting Servlet engine: [Apache Tomcat/9.0.58]
2022-06-23 18:18:48,230 [main] INFO  o.a.c.c.C.[Tomcat].[localhost].[/]                 - Initializing Spring embedded WebApplicationContext
2022-06-23 18:18:48,230 [main] INFO  o.s.b.w.s.c.ServletWebServerApplicationContext     - Root WebApplicationContext: initialization completed in 1571 ms
2022-06-23 18:18:48,421 [main] INFO  c.u.j.r.DefaultLazyPropertyResolver                - Property Resolver custom Bean not found with name 'encryptablePropertyResolver'. Initializing Default Property Resolver
2022-06-23 18:18:48,424 [main] INFO  c.u.j.d.DefaultLazyPropertyDetector                - Property Detector custom Bean not found with name 'encryptablePropertyDetector'. Initializing Default Property Detector
2022-06-23 18:18:48,477 [main] INFO  c.u.j.encryptor.DefaultLazyEncryptor               - String Encryptor custom Bean not found with name 'jasyptStringEncryptor'. Initializing Default String Encryptor
2022-06-23 18:18:48,491 [main] INFO  c.u.j.encryptor.DefaultLazyEncryptor               - Encryptor config not found for property jasypt.encryptor.key-obtention-iterations, using default value: 1000
2022-06-23 18:18:48,492 [main] INFO  c.u.j.encryptor.DefaultLazyEncryptor               - Encryptor config not found for property jasypt.encryptor.pool-size, using default value: 1
2022-06-23 18:18:48,492 [main] INFO  c.u.j.encryptor.DefaultLazyEncryptor               - Encryptor config not found for property jasypt.encryptor.provider-name, using default value: null
2022-06-23 18:18:48,493 [main] INFO  c.u.j.encryptor.DefaultLazyEncryptor               - Encryptor config not found for property jasypt.encryptor.provider-class-name, using default value: null
2022-06-23 18:18:48,494 [main] INFO  c.u.j.encryptor.DefaultLazyEncryptor               - Encryptor config not found for property jasypt.encryptor.salt-generator-classname, using default value: org.jasypt.salt.RandomSaltGenerator
2022-06-23 18:18:48,496 [main] INFO  c.u.j.encryptor.DefaultLazyEncryptor               - Encryptor config not found for property jasypt.encryptor.string-output-type, using default value: base64
2022-06-23 18:18:49,654 [main] INFO  o.apache.coyote.http11.Http11NioProtocol           - Starting ProtocolHandler ["http-nio-8080"]
2022-06-23 18:18:49,681 [main] INFO  o.s.b.w.embedded.tomcat.TomcatWebServer            - Tomcat started on port(s): 8080 (http) with context path ''
2022-06-23 18:18:50,002 [main] INFO  c.c.p.PostProcessingApplication                    - Started PostProcessingApplication in 4.196 seconds (JVM running for 5.077)
2022-06-23 18:19:00,015 [scheduling-1] INFO  c.c.p.scheduler.PostProcessingScheduler            - connectionNameKey:DefaultEndpointsProtocol=https;AccountName=pmapostprcoessing1;AccountKey=LR+HG362j6Iym94zQyPydi5+PpqNgRmRtwRC8B2XnXfhk7ggA9a7R1FN0vIcrInFssQN3OAhEpDC+AStu3b5mQ==
2022-06-23 18:19:00,028 [scheduling-1] INFO  c.c.p.scheduler.PostProcessingScheduler            - CloudStorageAccount:DefaultEndpointsProtocol=https;AccountName=pmapostprcoessing1;AccountKey=[key hidden]
2022-06-23 18:19:00,035 [scheduling-1] INFO  c.c.p.scheduler.PostProcessingScheduler            - CloudBlobClient:com.microsoft.azure.storage.blob.CloudBlobClient@50649ba4
2022-06-23 18:19:00,092 [scheduling-1] INFO  c.a.c.i.jackson.JacksonVersion                     - Package versions: jackson-annotations=2.13.1, jackson-core=2.13.1, jackson-databind=2.13.1, jackson-dataformat-xml=2.13.1, jackson-datatype-jsr310=2.13.1, azure-core=1.25.0, Troubleshooting version conflicts: https://aka.ms/azsdk/java/dependency/troubleshoot
2022-06-23 18:19:03,004 [scheduling-1] INFO  c.c.p.scheduler.PostProcessingScheduler            - no file for archive
2022-06-23 18:19:03,004 [scheduling-1] INFO  c.c.p.scheduler.PostProcessingScheduler            - connectionNameKey:DefaultEndpointsProtocol=https;AccountName=pmapostprcoessing1;AccountKey=LR+HG362j6Iym94zQyPydi5+PpqNgRmRtwRC8B2XnXfhk7ggA9a7R1FN0vIcrInFssQN3OAhEpDC+AStu3b5mQ==
2022-06-23 18:19:03,005 [scheduling-1] INFO  c.c.p.scheduler.PostProcessingScheduler            - CloudStorageAccount:DefaultEndpointsProtocol=https;AccountName=pmapostprcoessing1;AccountKey=[key hidden]
2022-06-23 18:19:03,005 [scheduling-1] INFO  c.c.p.scheduler.PostProcessingScheduler            - CloudBlobClient:com.microsoft.azure.storage.blob.CloudBlobClient@76cd3d42
2022-06-23 18:19:03,006 [scheduling-1] INFO  c.c.p.scheduler.PostProcessingScheduler            - container:com.microsoft.azure.storage.blob.CloudBlobContainer@65916039
2022-06-23 18:20:07,679 [main] INFO  c.c.p.PostProcessingApplication                    - Starting PostProcessingApplication using Java 1.8.0_131 on HTCLT2438 with PID 30244 (C:\Users\kumar.charanswain\Downloads\today-test-old-code\postprocessing-tomcat-version-main\postprocessing-tomcat-version-main\target\classes started by kumar.charanswain in C:\Users\kumar.charanswain\Downloads\today-test-old-code\postprocessing-tomcat-version-main\postprocessing-tomcat-version-main)
2022-06-23 18:20:07,686 [main] INFO  c.c.p.PostProcessingApplication                    - No active profile set, falling back to 1 default profile: "default"
2022-06-23 18:20:08,409 [main] INFO  o.s.cloud.context.scope.GenericScope               - BeanFactory id=4b5fb449-1571-3261-a0e4-8a74cfbc6521
2022-06-23 18:20:08,422 [main] INFO  c.u.j.c.EnableEncryptablePropertiesBeanFactoryPostProcessor - Post-processing PropertySource instances
2022-06-23 18:20:08,477 [main] INFO  c.u.j.EncryptablePropertySourceConverter           - Converting PropertySource configurationProperties [org.springframework.boot.context.properties.source.ConfigurationPropertySourcesPropertySource] to AOP Proxy
2022-06-23 18:20:08,478 [main] INFO  c.u.j.EncryptablePropertySourceConverter           - Converting PropertySource servletConfigInitParams [org.springframework.core.env.PropertySource$StubPropertySource] to EncryptablePropertySourceWrapper
2022-06-23 18:20:08,478 [main] INFO  c.u.j.EncryptablePropertySourceConverter           - Converting PropertySource servletContextInitParams [org.springframework.core.env.PropertySource$StubPropertySource] to EncryptablePropertySourceWrapper
2022-06-23 18:20:08,478 [main] INFO  c.u.j.EncryptablePropertySourceConverter           - Converting PropertySource systemProperties [org.springframework.core.env.PropertiesPropertySource] to EncryptableMapPropertySourceWrapper
2022-06-23 18:20:08,478 [main] INFO  c.u.j.EncryptablePropertySourceConverter           - Converting PropertySource systemEnvironment [org.springframework.boot.env.SystemEnvironmentPropertySourceEnvironmentPostProcessor$OriginAwareSystemEnvironmentPropertySource] to EncryptableSystemEnvironmentPropertySourceWrapper
2022-06-23 18:20:08,478 [main] INFO  c.u.j.EncryptablePropertySourceConverter           - Converting PropertySource random [org.springframework.boot.env.RandomValuePropertySource] to EncryptablePropertySourceWrapper
2022-06-23 18:20:08,478 [main] INFO  c.u.j.EncryptablePropertySourceConverter           - Converting PropertySource cachedrandom [org.springframework.cloud.util.random.CachedRandomPropertySource] to EncryptablePropertySourceWrapper
2022-06-23 18:20:08,479 [main] INFO  c.u.j.EncryptablePropertySourceConverter           - Converting PropertySource springCloudClientHostInfo [org.springframework.core.env.MapPropertySource] to EncryptableMapPropertySourceWrapper
2022-06-23 18:20:08,479 [main] INFO  c.u.j.EncryptablePropertySourceConverter           - Converting PropertySource Config resource 'file [application.properties]' via location 'optional:file:./' [org.springframework.boot.env.OriginTrackedMapPropertySource] to EncryptableMapPropertySourceWrapper
2022-06-23 18:20:08,591 [main] INFO  c.u.j.filter.DefaultLazyPropertyFilter             - Property Filter custom Bean not found with name 'encryptablePropertyFilter'. Initializing Default Property Filter
2022-06-23 18:20:09,014 [main] INFO  o.s.b.w.embedded.tomcat.TomcatWebServer            - Tomcat initialized with port(s): 8080 (http)
2022-06-23 18:20:09,025 [main] INFO  o.apache.coyote.http11.Http11NioProtocol           - Initializing ProtocolHandler ["http-nio-8080"]
2022-06-23 18:20:09,026 [main] INFO  org.apache.catalina.core.StandardService           - Starting service [Tomcat]
2022-06-23 18:20:09,026 [main] INFO  org.apache.catalina.core.StandardEngine            - Starting Servlet engine: [Apache Tomcat/9.0.58]
2022-06-23 18:20:09,247 [main] INFO  o.a.c.c.C.[Tomcat].[localhost].[/]                 - Initializing Spring embedded WebApplicationContext
2022-06-23 18:20:09,248 [main] INFO  o.s.b.w.s.c.ServletWebServerApplicationContext     - Root WebApplicationContext: initialization completed in 1512 ms
2022-06-23 18:20:09,369 [main] INFO  c.u.j.r.DefaultLazyPropertyResolver                - Property Resolver custom Bean not found with name 'encryptablePropertyResolver'. Initializing Default Property Resolver
2022-06-23 18:20:09,374 [main] INFO  c.u.j.d.DefaultLazyPropertyDetector                - Property Detector custom Bean not found with name 'encryptablePropertyDetector'. Initializing Default Property Detector
2022-06-23 18:20:09,417 [main] INFO  c.u.j.encryptor.DefaultLazyEncryptor               - String Encryptor custom Bean not found with name 'jasyptStringEncryptor'. Initializing Default String Encryptor
2022-06-23 18:20:09,427 [main] INFO  c.u.j.encryptor.DefaultLazyEncryptor               - Encryptor config not found for property jasypt.encryptor.key-obtention-iterations, using default value: 1000
2022-06-23 18:20:09,428 [main] INFO  c.u.j.encryptor.DefaultLazyEncryptor               - Encryptor config not found for property jasypt.encryptor.pool-size, using default value: 1
2022-06-23 18:20:09,428 [main] INFO  c.u.j.encryptor.DefaultLazyEncryptor               - Encryptor config not found for property jasypt.encryptor.provider-name, using default value: null
2022-06-23 18:20:09,428 [main] INFO  c.u.j.encryptor.DefaultLazyEncryptor               - Encryptor config not found for property jasypt.encryptor.provider-class-name, using default value: null
2022-06-23 18:20:09,428 [main] INFO  c.u.j.encryptor.DefaultLazyEncryptor               - Encryptor config not found for property jasypt.encryptor.salt-generator-classname, using default value: org.jasypt.salt.RandomSaltGenerator
2022-06-23 18:20:09,430 [main] INFO  c.u.j.encryptor.DefaultLazyEncryptor               - Encryptor config not found for property jasypt.encryptor.string-output-type, using default value: base64
2022-06-23 18:20:10,596 [main] INFO  o.apache.coyote.http11.Http11NioProtocol           - Starting ProtocolHandler ["http-nio-8080"]
2022-06-23 18:20:10,616 [main] INFO  o.s.b.w.embedded.tomcat.TomcatWebServer            - Tomcat started on port(s): 8080 (http) with context path ''
2022-06-23 18:20:10,892 [main] INFO  c.c.p.PostProcessingApplication                    - Started PostProcessingApplication in 3.983 seconds (JVM running for 4.824)
2022-06-23 18:21:00,013 [scheduling-1] INFO  c.c.p.scheduler.PostProcessingScheduler            - connectionNameKey:DefaultEndpointsProtocol=https;AccountName=pmapostprcoessing1;AccountKey=LR+HG362j6Iym94zQyPydi5+PpqNgRmRtwRC8B2XnXfhk7ggA9a7R1FN0vIcrInFssQN3OAhEpDC+AStu3b5mQ==
2022-06-23 18:21:00,029 [scheduling-1] INFO  c.c.p.scheduler.PostProcessingScheduler            - CloudStorageAccount:DefaultEndpointsProtocol=https;AccountName=pmapostprcoessing1;AccountKey=[key hidden]
2022-06-23 18:21:00,036 [scheduling-1] INFO  c.c.p.scheduler.PostProcessingScheduler            - CloudBlobClient:com.microsoft.azure.storage.blob.CloudBlobClient@675d6020
2022-06-23 18:21:00,044 [scheduling-1] INFO  c.c.p.scheduler.PostProcessingScheduler            - container:com.microsoft.azure.storage.blob.CloudBlobContainer@55364d83
2022-06-23 18:24:16,988 [scheduling-1] INFO  c.a.c.i.jackson.JacksonVersion                     - Package versions: jackson-annotations=2.13.1, jackson-core=2.13.1, jackson-databind=2.13.1, jackson-dataformat-xml=2.13.1, jackson-datatype-jsr310=2.13.1, azure-core=1.25.0, Troubleshooting version conflicts: https://aka.ms/azsdk/java/dependency/troubleshoot
2022-06-23 18:24:17,173 [scheduling-1] INFO  c.c.p.scheduler.PostProcessingScheduler            - blobContainerClient:com.azure.storage.blob.BlobContainerClient@2779a4b7
2022-06-23 18:24:17,719 [scheduling-1] INFO  c.c.p.scheduler.PostProcessingScheduler            - listBlobs:com.azure.core.http.rest.PagedIterable@15cada1e
2022-06-23 18:24:20,964 [scheduling-1] INFO  c.c.p.scheduler.PostProcessingScheduler            - no file for post processing
2022-06-23 18:24:20,965 [scheduling-1] INFO  c.c.p.scheduler.PostProcessingScheduler            - connectionNameKey:DefaultEndpointsProtocol=https;AccountName=pmapostprcoessing1;AccountKey=LR+HG362j6Iym94zQyPydi5+PpqNgRmRtwRC8B2XnXfhk7ggA9a7R1FN0vIcrInFssQN3OAhEpDC+AStu3b5mQ==
2022-06-23 18:24:20,966 [scheduling-1] INFO  c.c.p.scheduler.PostProcessingScheduler            - CloudStorageAccount:DefaultEndpointsProtocol=https;AccountName=pmapostprcoessing1;AccountKey=[key hidden]
2022-06-23 18:24:20,966 [scheduling-1] INFO  c.c.p.scheduler.PostProcessingScheduler            - CloudBlobClient:com.microsoft.azure.storage.blob.CloudBlobClient@25cb410f
2022-06-23 18:24:21,339 [scheduling-1] INFO  c.c.p.scheduler.PostProcessingScheduler            - no file for archive
2022-06-23 18:25:00,003 [scheduling-1] INFO  c.c.p.scheduler.PostProcessingScheduler            - connectionNameKey:DefaultEndpointsProtocol=https;AccountName=pmapostprcoessing1;AccountKey=LR+HG362j6Iym94zQyPydi5+PpqNgRmRtwRC8B2XnXfhk7ggA9a7R1FN0vIcrInFssQN3OAhEpDC+AStu3b5mQ==
2022-06-23 18:25:00,005 [scheduling-1] INFO  c.c.p.scheduler.PostProcessingScheduler            - CloudStorageAccount:DefaultEndpointsProtocol=https;AccountName=pmapostprcoessing1;AccountKey=[key hidden]
2022-06-23 18:25:00,006 [scheduling-1] INFO  c.c.p.scheduler.PostProcessingScheduler            - CloudBlobClient:com.microsoft.azure.storage.blob.CloudBlobClient@66114f4f
2022-06-23 18:25:00,007 [scheduling-1] INFO  c.c.p.scheduler.PostProcessingScheduler            - container:com.microsoft.azure.storage.blob.CloudBlobContainer@56a50e82
2022-06-23 18:25:30,193 [scheduling-1] INFO  c.c.p.scheduler.PostProcessingScheduler            - blobContainerClient:com.azure.storage.blob.BlobContainerClient@750464cf
2022-06-23 18:25:30,627 [scheduling-1] INFO  c.c.p.scheduler.PostProcessingScheduler            - listBlobs:com.azure.core.http.rest.PagedIterable@220f4966
2022-06-23 18:25:32,849 [scheduling-1] INFO  c.c.p.scheduler.PostProcessingScheduler            - fileName:print/20220215063904W006543278FTbmkF_PG.pdf
2022-06-23 18:25:35,096 [scheduling-1] INFO  c.c.p.scheduler.PostProcessingScheduler            - fileName:print/20220215063904W006543278FTbmkF_PG.xml
2022-06-23 18:25:36,909 [scheduling-1] INFO  c.c.p.scheduler.PostProcessingScheduler            - fileName:print/20220215063904W006554657TTYoidf_PG.pdf
2022-06-23 18:25:38,493 [scheduling-1] INFO  c.c.p.scheduler.PostProcessingScheduler            - fileName:print/20220215063904W006554657TTYoidf_PG.xml
2022-06-23 18:25:44,793 [scheduling-1] INFO  c.c.p.scheduler.PostProcessingScheduler            - connectionNameKey:DefaultEndpointsProtocol=https;AccountName=pmapostprcoessing1;AccountKey=LR+HG362j6Iym94zQyPydi5+PpqNgRmRtwRC8B2XnXfhk7ggA9a7R1FN0vIcrInFssQN3OAhEpDC+AStu3b5mQ==
2022-06-23 18:25:44,795 [scheduling-1] INFO  c.c.p.scheduler.PostProcessingScheduler            - CloudStorageAccount:DefaultEndpointsProtocol=https;AccountName=pmapostprcoessing1;AccountKey=[key hidden]
2022-06-23 18:25:44,796 [scheduling-1] INFO  c.c.p.scheduler.PostProcessingScheduler            - CloudBlobClient:com.microsoft.azure.storage.blob.CloudBlobClient@5a0686cb
2022-06-23 18:25:44,809 [scheduling-1] INFO  c.c.p.scheduler.PostProcessingScheduler            - connectionNameKey:DefaultEndpointsProtocol=https;AccountName=pmapostprcoessing1;AccountKey=LR+HG362j6Iym94zQyPydi5+PpqNgRmRtwRC8B2XnXfhk7ggA9a7R1FN0vIcrInFssQN3OAhEpDC+AStu3b5mQ==
2022-06-23 18:25:44,809 [scheduling-1] INFO  c.c.p.scheduler.PostProcessingScheduler            - CloudStorageAccount:DefaultEndpointsProtocol=https;AccountName=pmapostprcoessing1;AccountKey=[key hidden]
2022-06-23 18:25:44,810 [scheduling-1] INFO  c.c.p.scheduler.PostProcessingScheduler            - CloudBlobClient:com.microsoft.azure.storage.blob.CloudBlobClient@3aada729
2022-06-23 18:25:46,500 [scheduling-1] INFO  c.c.p.scheduler.PostProcessingScheduler            - process file details:20220215063904W006554657TTYoidf_PG.pdf
2022-06-23 18:25:52,758 [scheduling-1] INFO  c.c.p.scheduler.PostProcessingScheduler            - connectionNameKey:DefaultEndpointsProtocol=https;AccountName=pmapostprcoessing1;AccountKey=LR+HG362j6Iym94zQyPydi5+PpqNgRmRtwRC8B2XnXfhk7ggA9a7R1FN0vIcrInFssQN3OAhEpDC+AStu3b5mQ==
2022-06-23 18:25:52,759 [scheduling-1] INFO  c.c.p.scheduler.PostProcessingScheduler            - CloudStorageAccount:DefaultEndpointsProtocol=https;AccountName=pmapostprcoessing1;AccountKey=[key hidden]
2022-06-23 18:25:52,759 [scheduling-1] INFO  c.c.p.scheduler.PostProcessingScheduler            - CloudBlobClient:com.microsoft.azure.storage.blob.CloudBlobClient@6f24ad27
2022-06-23 18:26:02,162 [scheduling-1] INFO  c.c.p.scheduler.PostProcessingScheduler            - connectionNameKey:DefaultEndpointsProtocol=https;AccountName=pmapostprcoessing1;AccountKey=LR+HG362j6Iym94zQyPydi5+PpqNgRmRtwRC8B2XnXfhk7ggA9a7R1FN0vIcrInFssQN3OAhEpDC+AStu3b5mQ==
2022-06-23 18:26:02,164 [scheduling-1] INFO  c.c.p.scheduler.PostProcessingScheduler            - CloudStorageAccount:DefaultEndpointsProtocol=https;AccountName=pmapostprcoessing1;AccountKey=[key hidden]
2022-06-23 18:26:02,164 [scheduling-1] INFO  c.c.p.scheduler.PostProcessingScheduler            - CloudBlobClient:com.microsoft.azure.storage.blob.CloudBlobClient@5c5e857a
2022-06-23 18:26:04,080 [scheduling-1] INFO  c.c.p.scheduler.PostProcessingScheduler            - process file details:20220215063904W006543278FTbmkF_PG.pdf
2022-06-23 18:26:09,609 [scheduling-1] INFO  c.c.p.scheduler.PostProcessingScheduler            - connectionNameKey:DefaultEndpointsProtocol=https;AccountName=pmapostprcoessing1;AccountKey=LR+HG362j6Iym94zQyPydi5+PpqNgRmRtwRC8B2XnXfhk7ggA9a7R1FN0vIcrInFssQN3OAhEpDC+AStu3b5mQ==
2022-06-23 18:26:09,609 [scheduling-1] INFO  c.c.p.scheduler.PostProcessingScheduler            - CloudStorageAccount:DefaultEndpointsProtocol=https;AccountName=pmapostprcoessing1;AccountKey=[key hidden]
2022-06-23 18:26:09,610 [scheduling-1] INFO  c.c.p.scheduler.PostProcessingScheduler            - CloudBlobClient:com.microsoft.azure.storage.blob.CloudBlobClient@3ca366dc
2022-06-23 18:26:19,665 [scheduling-1] INFO  com.custom.postprocessing.util.EmailUtil           - mailStatus:mail send successfully : swainkumar10@gmail.com
2022-06-23 18:26:21,345 [scheduling-1] INFO  c.c.p.scheduler.PostProcessingScheduler            - connectionNameKey:DefaultEndpointsProtocol=https;AccountName=pmapostprcoessing1;AccountKey=LR+HG362j6Iym94zQyPydi5+PpqNgRmRtwRC8B2XnXfhk7ggA9a7R1FN0vIcrInFssQN3OAhEpDC+AStu3b5mQ==
2022-06-23 18:26:21,347 [scheduling-1] INFO  c.c.p.scheduler.PostProcessingScheduler            - CloudStorageAccount:DefaultEndpointsProtocol=https;AccountName=pmapostprcoessing1;AccountKey=[key hidden]
2022-06-23 18:26:21,348 [scheduling-1] INFO  c.c.p.scheduler.PostProcessingScheduler            - CloudBlobClient:com.microsoft.azure.storage.blob.CloudBlobClient@742c9622
2022-06-23 18:26:23,343 [scheduling-1] INFO  c.c.p.scheduler.PostProcessingScheduler            - smartcomm post processing successfully
2022-06-23 18:26:23,344 [scheduling-1] INFO  c.c.p.scheduler.PostProcessingScheduler            - connectionNameKey:DefaultEndpointsProtocol=https;AccountName=pmapostprcoessing1;AccountKey=LR+HG362j6Iym94zQyPydi5+PpqNgRmRtwRC8B2XnXfhk7ggA9a7R1FN0vIcrInFssQN3OAhEpDC+AStu3b5mQ==
2022-06-23 18:26:23,345 [scheduling-1] INFO  c.c.p.scheduler.PostProcessingScheduler            - CloudStorageAccount:DefaultEndpointsProtocol=https;AccountName=pmapostprcoessing1;AccountKey=[key hidden]
2022-06-23 18:26:23,346 [scheduling-1] INFO  c.c.p.scheduler.PostProcessingScheduler            - CloudBlobClient:com.microsoft.azure.storage.blob.CloudBlobClient@47922628
2022-06-23 18:26:23,685 [scheduling-1] INFO  c.c.p.scheduler.PostProcessingScheduler            - no file for archive
2022-06-23 18:27:00,015 [scheduling-1] INFO  c.c.p.scheduler.PostProcessingScheduler            - connectionNameKey:DefaultEndpointsProtocol=https;AccountName=pmapostprcoessing1;AccountKey=LR+HG362j6Iym94zQyPydi5+PpqNgRmRtwRC8B2XnXfhk7ggA9a7R1FN0vIcrInFssQN3OAhEpDC+AStu3b5mQ==
2022-06-23 18:27:00,018 [scheduling-1] INFO  c.c.p.scheduler.PostProcessingScheduler            - CloudStorageAccount:DefaultEndpointsProtocol=https;AccountName=pmapostprcoessing1;AccountKey=[key hidden]
2022-06-23 18:27:00,018 [scheduling-1] INFO  c.c.p.scheduler.PostProcessingScheduler            - CloudBlobClient:com.microsoft.azure.storage.blob.CloudBlobClient@e798778
2022-06-23 18:27:00,364 [scheduling-1] INFO  c.c.p.scheduler.PostProcessingScheduler            - no file for archive
2022-06-23 18:27:00,366 [scheduling-1] INFO  c.c.p.scheduler.PostProcessingScheduler            - connectionNameKey:DefaultEndpointsProtocol=https;AccountName=pmapostprcoessing1;AccountKey=LR+HG362j6Iym94zQyPydi5+PpqNgRmRtwRC8B2XnXfhk7ggA9a7R1FN0vIcrInFssQN3OAhEpDC+AStu3b5mQ==
2022-06-23 18:27:00,367 [scheduling-1] INFO  c.c.p.scheduler.PostProcessingScheduler            - CloudStorageAccount:DefaultEndpointsProtocol=https;AccountName=pmapostprcoessing1;AccountKey=[key hidden]
2022-06-23 18:27:00,368 [scheduling-1] INFO  c.c.p.scheduler.PostProcessingScheduler            - CloudBlobClient:com.microsoft.azure.storage.blob.CloudBlobClient@79bc8715
2022-06-23 18:27:00,368 [scheduling-1] INFO  c.c.p.scheduler.PostProcessingScheduler            - container:com.microsoft.azure.storage.blob.CloudBlobContainer@3e586ab8
